@!@!@STARTMSG 2262:0 @!@!@
TLC2 Version 2.16 of 31 December 2020 (rev: cdddf55)
@!@!@ENDMSG 2262 @!@!@
@!@!@STARTMSG 2187:0 @!@!@
Running breadth-first search Model-Checking with fp 52 and seed 4774627243566852686 with 10 workers on 20 cores with 2356MB heap and 5294MB offheap memory [pid: 50651] (Linux 5.19.0-43-generic amd64, AdoptOpenJDK 14.0.1 x86_64, OffHeapDiskFPSet, DiskStateQueue).
@!@!@ENDMSG 2187 @!@!@
@!@!@STARTMSG 2220:0 @!@!@
Starting SANY...
@!@!@ENDMSG 2220 @!@!@
Parsing file /home/yeray/repos/workflows-framework/verifications/pessimistic-lock/pessimisticl_lock.toolbox/Model_1/MC.tla
Parsing file /home/yeray/repos/workflows-framework/verifications/pessimistic-lock/pessimisticl_lock.toolbox/Model_1/pessimisticl_lock.tla
Parsing file /opt/TLA+Toolbox/plugins/org.lamport.tlatools_1.0.0.202012311918/tla2sany/StandardModules/TLC.tla
Parsing file /opt/TLA+Toolbox/plugins/org.lamport.tlatools_1.0.0.202012311918/tla2sany/StandardModules/Integers.tla
Parsing file /opt/TLA+Toolbox/plugins/org.lamport.tlatools_1.0.0.202012311918/tla2sany/StandardModules/Sequences.tla
Parsing file /opt/TLA+Toolbox/plugins/org.lamport.tlatools_1.0.0.202012311918/tla2sany/StandardModules/Naturals.tla
Parsing file /opt/TLA+Toolbox/plugins/org.lamport.tlatools_1.0.0.202012311918/tla2sany/StandardModules/FiniteSets.tla
Semantic processing of module Naturals
Semantic processing of module Integers
Semantic processing of module Sequences
Semantic processing of module pessimisticl_lock
Semantic processing of module FiniteSets
Semantic processing of module TLC
Semantic processing of module MC
@!@!@STARTMSG 2219:0 @!@!@
SANY finished.
@!@!@ENDMSG 2219 @!@!@
@!@!@STARTMSG 2185:0 @!@!@
Starting... (2023-06-16 15:45:25)
@!@!@ENDMSG 2185 @!@!@
@!@!@STARTMSG 2212:0 @!@!@
Implied-temporal checking--satisfiability problem has 2 branches.
@!@!@ENDMSG 2212 @!@!@
@!@!@STARTMSG 2189:0 @!@!@
Computing initial states...
@!@!@ENDMSG 2189 @!@!@
@!@!@STARTMSG 2190:0 @!@!@
Finished computing initial states: 1 distinct state generated at 2023-06-16 15:45:26.
@!@!@ENDMSG 2190 @!@!@
@!@!@STARTMSG 2200:0 @!@!@
Progress(15) at 2023-06-16 15:45:26: 204 states generated, 118 distinct states found, 0 states left on queue.
@!@!@ENDMSG 2200 @!@!@
@!@!@STARTMSG 2192:0 @!@!@
Checking 2 branches of temporal properties for the complete state space with 236 total distinct states at (2023-06-16 15:45:26)
@!@!@ENDMSG 2192 @!@!@
@!@!@STARTMSG 2116:1 @!@!@
Temporal properties were violated.

@!@!@ENDMSG 2116 @!@!@
@!@!@STARTMSG 2264:1 @!@!@
The following behavior constitutes a counter-example:

@!@!@ENDMSG 2264 @!@!@
@!@!@STARTMSG 2217:4 @!@!@
1: <Initial predicate>
/\ lockStorage = <<>>
/\ errors = [main1 |-> 0, main2 |-> 0]
/\ currentBugIndex = [main1 |-> -1, main2 |-> -1]
/\ bugs = <<[processed |-> FALSE, id |-> 1], [processed |-> FALSE, id |-> 2]>>
/\ pc = [main1 |-> "Loop", main2 |-> "Loop"]
/\ tickets = <<>>

@!@!@ENDMSG 2217 @!@!@
@!@!@STARTMSG 2217:4 @!@!@
2: <Loop line 118, col 15 to line 123, col 39 of module pessimisticl_lock>
/\ lockStorage = <<>>
/\ errors = [main1 |-> 0, main2 |-> 0]
/\ currentBugIndex = [main1 |-> -1, main2 |-> -1]
/\ bugs = <<[processed |-> FALSE, id |-> 1], [processed |-> FALSE, id |-> 2]>>
/\ pc = [main1 |-> "Loop", main2 |-> "ChooseBug"]
/\ tickets = <<>>

@!@!@ENDMSG 2217 @!@!@
@!@!@STARTMSG 2217:4 @!@!@
3: <Loop line 118, col 15 to line 123, col 39 of module pessimisticl_lock>
/\ lockStorage = <<>>
/\ errors = [main1 |-> 0, main2 |-> 0]
/\ currentBugIndex = [main1 |-> -1, main2 |-> -1]
/\ bugs = <<[processed |-> FALSE, id |-> 1], [processed |-> FALSE, id |-> 2]>>
/\ pc = [main1 |-> "ChooseBug", main2 |-> "ChooseBug"]
/\ tickets = <<>>

@!@!@ENDMSG 2217 @!@!@
@!@!@STARTMSG 2217:4 @!@!@
4: <ChooseBug line 125, col 20 to line 131, col 72 of module pessimisticl_lock>
/\ lockStorage = <<>>
/\ errors = [main1 |-> 0, main2 |-> 0]
/\ currentBugIndex = [main1 |-> 1, main2 |-> -1]
/\ bugs = <<[processed |-> FALSE, id |-> 1], [processed |-> FALSE, id |-> 2]>>
/\ pc = [main1 |-> "Process", main2 |-> "ChooseBug"]
/\ tickets = <<>>

@!@!@ENDMSG 2217 @!@!@
@!@!@STARTMSG 2217:4 @!@!@
5: <Process line 133, col 18 to line 136, col 81 of module pessimisticl_lock>
/\ lockStorage = <<>>
/\ errors = [main1 |-> 0, main2 |-> 0]
/\ currentBugIndex = [main1 |-> 1, main2 |-> -1]
/\ bugs = <<[processed |-> TRUE, id |-> 1], [processed |-> FALSE, id |-> 2]>>
/\ pc = [main1 |-> "Break", main2 |-> "ChooseBug"]
/\ tickets = <<>>

@!@!@ENDMSG 2217 @!@!@
@!@!@STARTMSG 2217:4 @!@!@
6: <Break line 138, col 16 to line 142, col 40 of module pessimisticl_lock>
/\ lockStorage = <<>>
/\ errors = [main1 |-> 0, main2 |-> 0]
/\ currentBugIndex = [main1 |-> 1, main2 |-> -1]
/\ bugs = <<[processed |-> TRUE, id |-> 1], [processed |-> FALSE, id |-> 2]>>
/\ pc = [main1 |-> "Loop", main2 |-> "ChooseBug"]
/\ tickets = <<>>

@!@!@ENDMSG 2217 @!@!@
@!@!@STARTMSG 2217:4 @!@!@
7: <ChooseBug line 125, col 20 to line 131, col 72 of module pessimisticl_lock>
/\ lockStorage = <<>>
/\ errors = [main1 |-> 0, main2 |-> 0]
/\ currentBugIndex = [main1 |-> 1, main2 |-> 2]
/\ bugs = <<[processed |-> TRUE, id |-> 1], [processed |-> FALSE, id |-> 2]>>
/\ pc = [main1 |-> "Loop", main2 |-> "Process"]
/\ tickets = <<>>

@!@!@ENDMSG 2217 @!@!@
@!@!@STARTMSG 2217:4 @!@!@
8: <Process line 133, col 18 to line 136, col 81 of module pessimisticl_lock>
/\ lockStorage = <<>>
/\ errors = [main1 |-> 0, main2 |-> 0]
/\ currentBugIndex = [main1 |-> 1, main2 |-> 2]
/\ bugs = <<[processed |-> TRUE, id |-> 1], [processed |-> TRUE, id |-> 2]>>
/\ pc = [main1 |-> "Loop", main2 |-> "Break"]
/\ tickets = <<>>

@!@!@ENDMSG 2217 @!@!@
@!@!@STARTMSG 2217:4 @!@!@
9: <Break line 138, col 16 to line 142, col 40 of module pessimisticl_lock>
/\ lockStorage = <<>>
/\ errors = [main1 |-> 0, main2 |-> 0]
/\ currentBugIndex = [main1 |-> 1, main2 |-> 2]
/\ bugs = <<[processed |-> TRUE, id |-> 1], [processed |-> TRUE, id |-> 2]>>
/\ pc = [main1 |-> "Loop", main2 |-> "Loop"]
/\ tickets = <<>>

@!@!@ENDMSG 2217 @!@!@
@!@!@STARTMSG 2217:4 @!@!@
10: <Loop line 118, col 15 to line 123, col 39 of module pessimisticl_lock>
/\ lockStorage = <<>>
/\ errors = [main1 |-> 0, main2 |-> 0]
/\ currentBugIndex = [main1 |-> 1, main2 |-> 2]
/\ bugs = <<[processed |-> TRUE, id |-> 1], [processed |-> TRUE, id |-> 2]>>
/\ pc = [main1 |-> "Done", main2 |-> "Loop"]
/\ tickets = <<>>

@!@!@ENDMSG 2217 @!@!@
@!@!@STARTMSG 2217:4 @!@!@
11: <Loop line 118, col 15 to line 123, col 39 of module pessimisticl_lock>
/\ lockStorage = <<>>
/\ errors = [main1 |-> 0, main2 |-> 0]
/\ currentBugIndex = [main1 |-> 1, main2 |-> 2]
/\ bugs = <<[processed |-> TRUE, id |-> 1], [processed |-> TRUE, id |-> 2]>>
/\ pc = [main1 |-> "Done", main2 |-> "Done"]
/\ tickets = <<>>

@!@!@ENDMSG 2217 @!@!@
@!@!@STARTMSG 2218:4 @!@!@
12: Stuttering
@!@!@ENDMSG 2218 @!@!@
@!@!@STARTMSG 2267:0 @!@!@
Finished checking temporal properties in 00s at 2023-06-16 15:45:26
@!@!@ENDMSG 2267 @!@!@
@!@!@STARTMSG 2201:0 @!@!@
The coverage statistics at 2023-06-16 15:45:26
@!@!@ENDMSG 2201 @!@!@
@!@!@STARTMSG 2773:0 @!@!@
<Init line 109, col 1 to line 109, col 4 of module pessimisticl_lock>: 2:2
@!@!@ENDMSG 2773 @!@!@
@!@!@STARTMSG 2221:0 @!@!@
  line 110, col 9 to line 116, col 45 of module pessimisticl_lock: 2
@!@!@ENDMSG 2221 @!@!@
@!@!@STARTMSG 2772:0 @!@!@
<Loop line 118, col 1 to line 118, col 10 of module pessimisticl_lock>: 40:79
@!@!@ENDMSG 2772 @!@!@
@!@!@STARTMSG 2221:0 @!@!@
  line 118, col 18 to line 118, col 34 of module pessimisticl_lock: 344
@!@!@ENDMSG 2221 @!@!@
@!@!@STARTMSG 2221:0 @!@!@
  |line 118, col 18 to line 118, col 25 of module pessimisticl_lock: 265
@!@!@ENDMSG 2221 @!@!@
@!@!@STARTMSG 2221:0 @!@!@
  line 119, col 21 to line 119, col 60 of module pessimisticl_lock: 79
@!@!@ENDMSG 2221 @!@!@
@!@!@STARTMSG 2221:0 @!@!@
  |line 119, col 43 to line 119, col 60 of module pessimisticl_lock: 148
@!@!@ENDMSG 2221 @!@!@
@!@!@STARTMSG 2221:0 @!@!@
  |line 119, col 30 to line 119, col 40 of module pessimisticl_lock: 79
@!@!@ENDMSG 2221 @!@!@
@!@!@STARTMSG 2221:0 @!@!@
  line 120, col 26 to line 120, col 67 of module pessimisticl_lock: 38
@!@!@ENDMSG 2221 @!@!@
@!@!@STARTMSG 2221:0 @!@!@
  line 121, col 26 to line 121, col 62 of module pessimisticl_lock: 41
@!@!@ENDMSG 2221 @!@!@
@!@!@STARTMSG 2221:0 @!@!@
  line 122, col 18 to line 123, col 39 of module pessimisticl_lock: 79
@!@!@ENDMSG 2221 @!@!@
@!@!@STARTMSG 2772:0 @!@!@
<ChooseBug line 125, col 1 to line 125, col 15 of module pessimisticl_lock>: 20:48
@!@!@ENDMSG 2772 @!@!@
@!@!@STARTMSG 2221:0 @!@!@
  line 125, col 23 to line 125, col 44 of module pessimisticl_lock: 309
@!@!@ENDMSG 2221 @!@!@
@!@!@STARTMSG 2221:0 @!@!@
  |line 125, col 23 to line 125, col 30 of module pessimisticl_lock: 261
@!@!@ENDMSG 2221 @!@!@
@!@!@STARTMSG 2221:0 @!@!@
  line 126, col 26 to line 126, col 64 of module pessimisticl_lock: 48
@!@!@ENDMSG 2221 @!@!@
@!@!@STARTMSG 2221:0 @!@!@
  |line 126, col 48 to line 126, col 64 of module pessimisticl_lock: 86
@!@!@ENDMSG 2221 @!@!@
@!@!@STARTMSG 2221:0 @!@!@
  |line 126, col 35 to line 126, col 45 of module pessimisticl_lock: 48
@!@!@ENDMSG 2221 @!@!@
@!@!@STARTMSG 2221:0 @!@!@
  line 127, col 34 to line 127, col 68 of module pessimisticl_lock: 12
@!@!@ENDMSG 2221 @!@!@
@!@!@STARTMSG 2221:0 @!@!@
  line 128, col 34 to line 128, col 58 of module pessimisticl_lock: 12
@!@!@ENDMSG 2221 @!@!@
@!@!@STARTMSG 2221:0 @!@!@
  line 129, col 34 to line 129, col 131 of module pessimisticl_lock: 36
@!@!@ENDMSG 2221 @!@!@
@!@!@STARTMSG 2221:0 @!@!@
  |line 129, col 53 to line 129, col 131 of module pessimisticl_lock: 36
@!@!@ENDMSG 2221 @!@!@
@!@!@STARTMSG 2221:0 @!@!@
  ||line 129, col 54 to line 129, col 68 of module pessimisticl_lock: 36
@!@!@ENDMSG 2221 @!@!@
@!@!@STARTMSG 2221:0 @!@!@
  ||line 129, col 77 to line 129, col 130 of module pessimisticl_lock: 36
@!@!@ENDMSG 2221 @!@!@
@!@!@STARTMSG 2221:0 @!@!@
  ||line 129, col 87 to line 129, col 130 of module pessimisticl_lock: 36
@!@!@ENDMSG 2221 @!@!@
@!@!@STARTMSG 2221:0 @!@!@
  |||line 129, col 113 to line 129, col 130 of module pessimisticl_lock: 62
@!@!@ENDMSG 2221 @!@!@
@!@!@STARTMSG 2221:0 @!@!@
  |||line 129, col 100 to line 129, col 110 of module pessimisticl_lock: 36
@!@!@ENDMSG 2221 @!@!@
@!@!@STARTMSG 2221:0 @!@!@
  line 130, col 34 to line 130, col 70 of module pessimisticl_lock: 36
@!@!@ENDMSG 2221 @!@!@
@!@!@STARTMSG 2221:0 @!@!@
  line 131, col 23 to line 131, col 72 of module pessimisticl_lock: 48
@!@!@ENDMSG 2221 @!@!@
@!@!@STARTMSG 2772:0 @!@!@
<Process line 133, col 1 to line 133, col 13 of module pessimisticl_lock>: 25:42
@!@!@ENDMSG 2772 @!@!@
@!@!@STARTMSG 2221:0 @!@!@
  line 133, col 21 to line 133, col 40 of module pessimisticl_lock: 301
@!@!@ENDMSG 2221 @!@!@
@!@!@STARTMSG 2221:0 @!@!@
  |line 133, col 21 to line 133, col 28 of module pessimisticl_lock: 259
@!@!@ENDMSG 2221 @!@!@
@!@!@STARTMSG 2221:0 @!@!@
  line 134, col 21 to line 134, col 83 of module pessimisticl_lock: 42
@!@!@ENDMSG 2221 @!@!@
@!@!@STARTMSG 2221:0 @!@!@
  line 135, col 21 to line 135, col 55 of module pessimisticl_lock: 42
@!@!@ENDMSG 2221 @!@!@
@!@!@STARTMSG 2221:0 @!@!@
  line 136, col 21 to line 136, col 81 of module pessimisticl_lock: 42
@!@!@ENDMSG 2221 @!@!@
@!@!@STARTMSG 2772:0 @!@!@
<Break line 138, col 1 to line 138, col 11 of module pessimisticl_lock>: 32:57
@!@!@ENDMSG 2772 @!@!@
@!@!@STARTMSG 2221:0 @!@!@
  line 138, col 19 to line 138, col 36 of module pessimisticl_lock: 314
@!@!@ENDMSG 2221 @!@!@
@!@!@STARTMSG 2221:0 @!@!@
  |line 138, col 19 to line 138, col 26 of module pessimisticl_lock: 257
@!@!@ENDMSG 2221 @!@!@
@!@!@STARTMSG 2221:0 @!@!@
  line 139, col 19 to line 139, col 22 of module pessimisticl_lock: 57
@!@!@ENDMSG 2221 @!@!@
@!@!@STARTMSG 2221:0 @!@!@
  line 140, col 19 to line 140, col 52 of module pessimisticl_lock: 57
@!@!@ENDMSG 2221 @!@!@
@!@!@STARTMSG 2221:0 @!@!@
  line 141, col 19 to line 142, col 40 of module pessimisticl_lock: 57
@!@!@ENDMSG 2221 @!@!@
@!@!@STARTMSG 2772:0 @!@!@
<Terminating line 147, col 1 to line 147, col 11 of module pessimisticl_lock>: 0:5
@!@!@ENDMSG 2772 @!@!@
@!@!@STARTMSG 2221:0 @!@!@
  line 147, col 40 to line 147, col 56 of module pessimisticl_lock: 154
@!@!@ENDMSG 2221 @!@!@
@!@!@STARTMSG 2221:0 @!@!@
  |line 147, col 40 to line 147, col 47 of module pessimisticl_lock: 144
@!@!@ENDMSG 2221 @!@!@
@!@!@STARTMSG 2221:0 @!@!@
  line 147, col 31 to line 147, col 37 of module pessimisticl_lock: 125
@!@!@ENDMSG 2221 @!@!@
@!@!@STARTMSG 2221:0 @!@!@
  line 148, col 19 to line 148, col 32 of module pessimisticl_lock: 5
@!@!@ENDMSG 2221 @!@!@
@!@!@STARTMSG 2774:0 @!@!@
<NoDuplicateReports line 87, col 1 to line 87, col 18 of module pessimisticl_lock>
@!@!@ENDMSG 2774 @!@!@
@!@!@STARTMSG 2221:0 @!@!@
  line 88, col 3 to line 90, col 40 of module pessimisticl_lock: 118
@!@!@ENDMSG 2221 @!@!@
@!@!@STARTMSG 2202:0 @!@!@
End of statistics.
@!@!@ENDMSG 2202 @!@!@
@!@!@STARTMSG 2200:0 @!@!@
Progress(15) at 2023-06-16 15:45:26: 204 states generated (21,974 s/min), 118 distinct states found (12,710 ds/min), 0 states left on queue.
@!@!@ENDMSG 2200 @!@!@
@!@!@STARTMSG 2199:0 @!@!@
204 states generated, 118 distinct states found, 0 states left on queue.
@!@!@ENDMSG 2199 @!@!@
@!@!@STARTMSG 2186:0 @!@!@
Finished in 561ms at (2023-06-16 15:45:26)
@!@!@ENDMSG 2186 @!@!@
